Compiling the C compiler identification source file "CMakeCCompilerId.c" failed.
Compiler: /opt/nordic/ncs/v1.9.1/toolchain/bin/arm-none-eabi-gcc 
Build flags: 
Id flags:  

The output was:
1
/opt/nordic/ncs/v1.9.1/toolchain/bin/../lib/gcc/arm-none-eabi/9.2.1/../../../../arm-none-eabi/bin/ld: /opt/nordic/ncs/v1.9.1/toolchain/bin/../lib/gcc/arm-none-eabi/9.2.1/../../../../arm-none-eabi/lib/libc.a(lib_a-exit.o): in function `exit':
exit.c:(.text.exit+0x2c): undefined reference to `_exit'
collect2: error: ld returned 1 exit status


Compiling the CXX compiler identification source file "CMakeCXXCompilerId.cpp" failed.
Compiler: /opt/nordic/ncs/v1.9.1/toolchain/bin/arm-none-eabi-g++ 
Build flags: 
Id flags:  

The output was:
1
/opt/nordic/ncs/v1.9.1/toolchain/bin/../lib/gcc/arm-none-eabi/9.2.1/../../../../arm-none-eabi/bin/ld: /opt/nordic/ncs/v1.9.1/toolchain/bin/../lib/gcc/arm-none-eabi/9.2.1/../../../../arm-none-eabi/lib/libc.a(lib_a-exit.o): in function `exit':
exit.c:(.text.exit+0x2c): undefined reference to `_exit'
collect2: error: ld returned 1 exit status


Performing C SOURCE FILE Test check_mstack_protector_guard_global_C__nostartfiles__nostdlib__isystem___opt_nordic_ncs_v1_9_1_toolchain_bin____lib_gcc_arm_none_eabi_9_2_1_include___isystem___opt_nordic_ncs_v1_9_1_toolchain_bin____lib_gcc_arm_none_eabi_9_2_1_include_fixed___Wl___unresolved_symbols_ignore_in_object_files__Wl___entry_0 failed with the following output:
Change Dir: /Users/looki/Desktop/LastLock/Projects/erics-blinky/build/CMakeFiles/CMakeTmp

Run Build Command(s):/opt/nordic/ncs/v1.9.1/toolchain/bin/ninja cmTC_86a5f && [1/2] Building C object CMakeFiles/cmTC_86a5f.dir/src.c.obj
FAILED: CMakeFiles/cmTC_86a5f.dir/src.c.obj 
/opt/nordic/ncs/v1.9.1/toolchain/bin/arm-none-eabi-gcc -Dcheck_mstack_protector_guard_global_C__nostartfiles__nostdlib__isystem___opt_nordic_ncs_v1_9_1_toolchain_bin____lib_gcc_arm_none_eabi_9_2_1_include___isystem___opt_nordic_ncs_v1_9_1_toolchain_bin____lib_gcc_arm_none_eabi_9_2_1_include_fixed___Wl___unresolved_symbols_ignore_in_object_files__Wl___entry_0  -nostartfiles -nostdlib -isystem "/opt/nordic/ncs/v1.9.1/toolchain/bin/../lib/gcc/arm-none-eabi/9.2.1/include" -isystem "/opt/nordic/ncs/v1.9.1/toolchain/bin/../lib/gcc/arm-none-eabi/9.2.1/include-fixed" -Wl,--unresolved-symbols=ignore-in-object-files -Wl,--entry=0   -mstack-protector-guard=global -o CMakeFiles/cmTC_86a5f.dir/src.c.obj -c /Users/looki/Desktop/LastLock/Projects/erics-blinky/build/CMakeFiles/CMakeTmp/src.c
arm-none-eabi-gcc: error: unrecognized command line option '-mstack-protector-guard=global'; did you mean '-fstack-protector-all'?
ninja: build stopped: subcommand failed.


Source file was:
int main(void) { return 0; }
Performing C SOURCE FILE Test check_C__nostartfiles__nostdlib__isystem___opt_nordic_ncs_v1_9_1_toolchain_bin____lib_gcc_arm_none_eabi_9_2_1_include___isystem___opt_nordic_ncs_v1_9_1_toolchain_bin____lib_gcc_arm_none_eabi_9_2_1_include_fixed___Wl___unresolved_symbols_ignore_in_object_files__Wl___entry_0__lasan failed with the following output:
Change Dir: /Users/looki/Desktop/LastLock/Projects/erics-blinky/build/CMakeFiles/CMakeTmp

Run Build Command(s):/opt/nordic/ncs/v1.9.1/toolchain/bin/ninja cmTC_aff2f && [1/2] Building C object CMakeFiles/cmTC_aff2f.dir/src.c.obj
[2/2] Linking C executable cmTC_aff2f
FAILED: cmTC_aff2f 
: && /opt/nordic/ncs/v1.9.1/toolchain/bin/arm-none-eabi-gcc -nostartfiles -nostdlib -isystem "/opt/nordic/ncs/v1.9.1/toolchain/bin/../lib/gcc/arm-none-eabi/9.2.1/include" -isystem "/opt/nordic/ncs/v1.9.1/toolchain/bin/../lib/gcc/arm-none-eabi/9.2.1/include-fixed" -Wl,--unresolved-symbols=ignore-in-object-files -Wl,--entry=0 -lasan  CMakeFiles/cmTC_aff2f.dir/src.c.obj -o cmTC_aff2f   && :
/opt/nordic/ncs/v1.9.1/toolchain/bin/../lib/gcc/arm-none-eabi/9.2.1/../../../../arm-none-eabi/bin/ld: cannot find -lasan
collect2: error: ld returned 1 exit status
ninja: build stopped: subcommand failed.


Source file was:
int main(void) { return 0; }
